<?xml version="1.0" encoding="UTF-8"?>
<!-- Generated by org.testng.reporters.JUnitReportReporter -->
<testsuite hostname="SYNPS6143372" name="main.NewUserStories.MyClass" tests="6" failures="0" timestamp="12 Aug 2019 13:39:58 GMT" time="0.030" errors="0">
  <testcase name="runWebDriver" time="0.000" classname="main.NewUserStories.MyClass"/>
  <testcase name="runWebDriver" time="0.000" classname="main.NewUserStories.MyClass"/>
  <testcase name="runWebDriver" time="0.010" classname="main.NewUserStories.MyClass"/>
  <testcase name="runWebDriver" time="0.010" classname="main.NewUserStories.MyClass"/>
  <testcase name="runWebDriver" time="0.000" classname="main.NewUserStories.MyClass"/>
  <testcase name="runWebDriver" time="0.010" classname="main.NewUserStories.MyClass"/>
</testsuite> <!-- main.NewUserStories.MyClass -->
