<?xml version="1.0" encoding="UTF-8"?>
<!-- Generated by org.testng.reporters.JUnitReportReporter -->
<testsuite hostname="SYNPS6143372" name="main.NewUserStories.GroupExample" tests="8" failures="0" timestamp="12 Aug 2019 10:30:03 GMT" time="0.020" errors="0">
  <testcase name="car1" time="0.000" classname="main.NewUserStories.GroupExample"/>
  <testcase name="scooter3" time="0.010" classname="main.NewUserStories.GroupExample"/>
  <testcase name="car1" time="0.000" classname="main.NewUserStories.GroupExample"/>
  <testcase name="car3" time="0.000" classname="main.NewUserStories.GroupExample"/>
  <testcase name="Sedan" time="0.010" classname="main.NewUserStories.GroupExample"/>
  <testcase name="scooter2" time="0.000" classname="main.NewUserStories.GroupExample"/>
  <testcase name="car2" time="0.000" classname="main.NewUserStories.GroupExample"/>
  <testcase name="scooter1" time="0.000" classname="main.NewUserStories.GroupExample"/>
</testsuite> <!-- main.NewUserStories.GroupExample -->
