<?xml version="1.0" encoding="UTF-8"?>
<!-- Generated by org.testng.reporters.JUnitReportReporter -->
<testsuite hostname="SYNPS6143372" name="main.NewUserStories.DependenciesClass" tests="7" failures="1" timestamp="12 Aug 2019 13:39:58 GMT" time="0.020" errors="0">
  <testcase name="scooter2" time="0.000" classname="main.NewUserStories.DependenciesClass"/>
  <testcase name="car3" time="0.000" classname="main.NewUserStories.DependenciesClass"/>
  <testcase name="scooter3" time="0.000" classname="main.NewUserStories.DependenciesClass"/>
  <testcase name="Sedan" time="0.020" classname="main.NewUserStories.DependenciesClass"/>
  <testcase name="car2" time="0.000" classname="main.NewUserStories.DependenciesClass"/>
  <testcase name="scooter1" time="0.000" classname="main.NewUserStories.DependenciesClass"/>
  <testcase name="car1" time="0.000" classname="main.NewUserStories.DependenciesClass">
    <failure type="org.testng.TestNGException" message="
Method car1 requires 2 parameters but 0 were supplied in the @Test annotation.">
      <![CDATA[org.testng.TestNGException: 
Method car1 requires 2 parameters but 0 were supplied in the @Test annotation.
	at org.testng.internal.Parameters.checkParameterTypes(Parameters.java:198)
	at org.testng.internal.Parameters.createParameters(Parameters.java:134)
	at org.testng.internal.Parameters.createParameters(Parameters.java:370)
	at org.testng.internal.Parameters.handleParameters(Parameters.java:447)
	at org.testng.internal.Invoker.handleParameters(Invoker.java:1383)
	at org.testng.internal.Invoker.createParameters(Invoker.java:1075)
	at org.testng.internal.Invoker.invokeTestMethods(Invoker.java:1180)
	at org.testng.internal.TestMethodWorker.invokeTestMethods(TestMethodWorker.java:127)
	at org.testng.internal.TestMethodWorker.run(TestMethodWorker.java:111)
	at java.util.concurrent.ThreadPoolExecutor.runWorker(Unknown Source)
	at java.util.concurrent.ThreadPoolExecutor$Worker.run(Unknown Source)
	at java.lang.Thread.run(Unknown Source)
]]>
    </failure>
  </testcase> <!-- car1 -->
</testsuite> <!-- main.NewUserStories.DependenciesClass -->
